生成启动时间为 2016/9/7 星期三 上午 11:24:33。
     1>项目“D:\Project\vejoe\VisionOpenCV\VisionOpenCV\VisionOpenCV.vcxproj”在节点 2 上(Rebuild 个目标)。
     1>ClCompile:
         D:\Program Files (x86)\Microsoft Visual Studio 11.0\VC\bin\CL.exe /c /ZI /nologo /W3 /WX- /Od /Oy- /D _MBCS /Gm /EHsc /RTC1 /MDd /GS /fp:precise /Zc:wchar_t /Zc:forScope /Fo"Debug\\" /Fd"Debug\vc110.pdb" /Gd /TP /analyze- /errorReport:prompt ImageHandler.cpp MainOpenCV.cpp MotionCalc.cpp
         MotionCalc.cpp
         MainOpenCV.cpp
     1>d:\vejoe\opencv\2.4.13\build\include\opencv2\flann\logger.h(66): warning C4996: 'fopen': This function or variable may be unsafe. Consider using fopen_s instead. To disable deprecation, use _CRT_SECURE_NO_WARNINGS. See online help for details.
                 d:\program files (x86)\microsoft visual studio 11.0\vc\include\stdio.h(218) : 参见“fopen”的声明
         ImageHandler.cpp
     1>d:\vejoe\opencv\2.4.13\build\include\opencv2\flann\logger.h(66): warning C4996: 'fopen': This function or variable may be unsafe. Consider using fopen_s instead. To disable deprecation, use _CRT_SECURE_NO_WARNINGS. See online help for details.
                 d:\program files (x86)\microsoft visual studio 11.0\vc\include\stdio.h(218) : 参见“fopen”的声明
     1>d:\project\vejoe\visionopencv\visionopencv\imagehandler.cpp(215): warning C4996: 'sprintf': This function or variable may be unsafe. Consider using sprintf_s instead. To disable deprecation, use _CRT_SECURE_NO_WARNINGS. See online help for details.
                 d:\program files (x86)\microsoft visual studio 11.0\vc\include\stdio.h(357) : 参见“sprintf”的声明
     1>d:\project\vejoe\visionopencv\visionopencv\imagehandler.cpp(225): warning C4996: 'sprintf': This function or variable may be unsafe. Consider using sprintf_s instead. To disable deprecation, use _CRT_SECURE_NO_WARNINGS. See online help for details.
                 d:\program files (x86)\microsoft visual studio 11.0\vc\include\stdio.h(357) : 参见“sprintf”的声明
         正在生成代码...
       Link:
         D:\Program Files (x86)\Microsoft Visual Studio 11.0\VC\bin\link.exe /ERRORREPORT:PROMPT /OUT:"D:\Project\vejoe\VisionOpenCV\Debug\VisionOpenCV.exe" /INCREMENTAL /NOLOGO opencv_ml2413d.lib opencv_calib3d2413d.lib opencv_contrib2413d.lib opencv_core2413d.lib opencv_features2d2413d.lib opencv_flann2413d.lib opencv_gpu2413d.lib opencv_highgui2413d.lib opencv_imgproc2413d.lib opencv_legacy2413d.lib opencv_objdetect2413d.lib opencv_ts2413d.lib opencv_video2413d.lib opencv_nonfree2413d.lib opencv_ocl2413d.lib opencv_photo2413d.lib opencv_stitching2413d.lib opencv_superres2413d.lib opencv_videostab2413d.lib kernel32.lib user32.lib gdi32.lib winspool.lib comdlg32.lib advapi32.lib shell32.lib ole32.lib oleaut32.lib uuid.lib odbc32.lib odbccp32.lib /MANIFEST /MANIFESTUAC:"level='asInvoker' uiAccess='false'" /manifest:embed /DEBUG /PDB:"D:\Project\vejoe\VisionOpenCV\Debug\VisionOpenCV.pdb" /TLBID:1 /DYNAMICBASE /NXCOMPAT /IMPLIB:"D:\Project\vejoe\VisionOpenCV\Debug\VisionOpenCV.lib" /MACHINE:X86 Debug\ImageHandler.obj
         Debug\MainOpenCV.obj
         Debug\MotionCalc.obj
         VisionOpenCV.vcxproj -> D:\Project\vejoe\VisionOpenCV\Debug\VisionOpenCV.exe
     1>已完成生成项目“D:\Project\vejoe\VisionOpenCV\VisionOpenCV\VisionOpenCV.vcxproj”(Rebuild 个目标)的操作。

生成成功。

已用时间 00:00:03.56
