D:\PROJECT\LEPROJ\CAMERAMEASURE\CAMERAMEASURE\DEBUG\VC110.PDB
D:\PROJECT\LEPROJ\CAMERAMEASURE\CAMERAMEASURE\DEBUG\ALG.OBJ
D:\PROJECT\LEPROJ\CAMERAMEASURE\DEBUG\CAMERAMEASURE.ILK
D:\PROJECT\LEPROJ\CAMERAMEASURE\DEBUG\CAMERAMEASURE.EXE
D:\PROJECT\LEPROJ\CAMERAMEASURE\DEBUG\CAMERAMEASURE.PDB
D:\Project\LeProj\CameraMeasure\CameraMeasure\Debug\Alg.obj
D:\Project\LeProj\CameraMeasure\CameraMeasure\Debug\cl.command.1.tlog
D:\Project\LeProj\CameraMeasure\CameraMeasure\Debug\CL.read.1.tlog
D:\Project\LeProj\CameraMeasure\CameraMeasure\Debug\CL.write.1.tlog
D:\Project\LeProj\CameraMeasure\CameraMeasure\Debug\link-cvtres.read.1.tlog
D:\Project\LeProj\CameraMeasure\CameraMeasure\Debug\link-cvtres.write.1.tlog
D:\Project\LeProj\CameraMeasure\CameraMeasure\Debug\link-rc.read.1.tlog
D:\Project\LeProj\CameraMeasure\CameraMeasure\Debug\link-rc.write.1.tlog
D:\Project\LeProj\CameraMeasure\CameraMeasure\Debug\link.command.1.tlog
D:\Project\LeProj\CameraMeasure\CameraMeasure\Debug\link.read.1.tlog
D:\Project\LeProj\CameraMeasure\CameraMeasure\Debug\link.write.1.tlog
D:\Project\LeProj\CameraMeasure\CameraMeasure\Debug\vc110.idb
D:\Project\LeProj\CameraMeasure\CameraMeasure\Debug\vc110.pdb
D:\Project\LeProj\CameraMeasure\Debug\CameraMeasure.pdb
D:\Project\LeProj\CameraMeasure\Debug\CameraMeasure.exe
D:\Project\LeProj\CameraMeasure\Debug\CameraMeasure.ilk
