D:\PROJECT\LEPROJ\CAMERAMEASURE\VISIONOPENCV\X64\DEBUG\IMAGEHANDLER.OBJ
D:\PROJECT\LEPROJ\CAMERAMEASURE\VISIONOPENCV\X64\DEBUG\MAINOPENCV.OBJ
D:\PROJECT\LEPROJ\CAMERAMEASURE\VISIONOPENCV\X64\DEBUG\VC110.PDB
D:\PROJECT\LEPROJ\CAMERAMEASURE\X64\DEBUG\CAMERAMEASURE.ILK
D:\PROJECT\LEPROJ\CAMERAMEASURE\X64\DEBUG\CAMERAMEASURE.EXE
D:\PROJECT\LEPROJ\CAMERAMEASURE\X64\DEBUG\CAMERAMEASURE.PDB
D:\Project\LeProj\CameraMeasure\VisionOpenCV\x64\Debug\ImageHandler.obj
D:\Project\LeProj\CameraMeasure\VisionOpenCV\x64\Debug\MainOpenCV.obj
D:\Project\LeProj\CameraMeasure\VisionOpenCV\x64\Debug\cl.command.1.tlog
D:\Project\LeProj\CameraMeasure\VisionOpenCV\x64\Debug\CL.read.1.tlog
D:\Project\LeProj\CameraMeasure\VisionOpenCV\x64\Debug\CL.write.1.tlog
D:\Project\LeProj\CameraMeasure\VisionOpenCV\x64\Debug\link-cvtres.read.1.tlog
D:\Project\LeProj\CameraMeasure\VisionOpenCV\x64\Debug\link-cvtres.write.1.tlog
D:\Project\LeProj\CameraMeasure\VisionOpenCV\x64\Debug\link-rc.read.1.tlog
D:\Project\LeProj\CameraMeasure\VisionOpenCV\x64\Debug\link-rc.write.1.tlog
D:\Project\LeProj\CameraMeasure\VisionOpenCV\x64\Debug\link.command.1.tlog
D:\Project\LeProj\CameraMeasure\VisionOpenCV\x64\Debug\link.read.1.tlog
D:\Project\LeProj\CameraMeasure\VisionOpenCV\x64\Debug\link.write.1.tlog
D:\Project\LeProj\CameraMeasure\VisionOpenCV\x64\Debug\vc110.idb
D:\Project\LeProj\CameraMeasure\VisionOpenCV\x64\Debug\vc110.pdb
D:\Project\LeProj\CameraMeasure\x64\Debug\CameraMeasure.pdb
D:\Project\LeProj\CameraMeasure\x64\Debug\CameraMeasure.exe
D:\Project\LeProj\CameraMeasure\x64\Debug\CameraMeasure.ilk
