D:\PROJECT\TEST\FISH\FISH\DEBUG\FISH.PCH
D:\PROJECT\TEST\FISH\FISH\DEBUG\STDAFX.OBJ
D:\PROJECT\TEST\FISH\FISH\DEBUG\VC110.PDB
D:\PROJECT\TEST\FISH\FISH\DEBUG\ICAP.OBJ
D:\PROJECT\TEST\FISH\FISH\DEBUG\UTILITY.OBJ
D:\PROJECT\TEST\FISH\FISH\DEBUG\FISH.OBJ
D:\PROJECT\TEST\FISH\DEBUG\FISH.ILK
D:\PROJECT\TEST\FISH\DEBUG\FISH.EXE
D:\PROJECT\TEST\FISH\DEBUG\FISH.PDB
D:\Project\test\fish\fish\Debug\fish.obj
D:\Project\test\fish\fish\Debug\icap.obj
D:\Project\test\fish\fish\Debug\stdafx.obj
D:\Project\test\fish\fish\Debug\utility.obj
D:\Project\test\fish\fish\Debug\cl.command.1.tlog
D:\Project\test\fish\fish\Debug\CL.read.1.tlog
D:\Project\test\fish\fish\Debug\CL.write.1.tlog
D:\Project\test\fish\fish\Debug\link-cvtres.read.1.tlog
D:\Project\test\fish\fish\Debug\link-cvtres.write.1.tlog
D:\Project\test\fish\fish\Debug\link-rc.read.1.tlog
D:\Project\test\fish\fish\Debug\link-rc.write.1.tlog
D:\Project\test\fish\fish\Debug\link.command.1.tlog
D:\Project\test\fish\fish\Debug\link.read.1.tlog
D:\Project\test\fish\fish\Debug\link.write.1.tlog
D:\Project\test\fish\fish\Debug\fish.pch
D:\Project\test\fish\fish\Debug\vc110.idb
D:\Project\test\fish\fish\Debug\vc110.pdb
D:\Project\test\fish\Debug\fish.pdb
D:\Project\test\fish\Debug\fish.exe
D:\Project\test\fish\Debug\fish.ilk
